{
  "RSpec": {
    "coverage": {
      "/Users/eddie/development/testing-drills/spec/calculator_spec.rb": [
        1
      ],
      "/Users/eddie/development/testing-drills/lib/calculator.rb": [
        1,
        1,
        0,
        null,
        null,
        1,
        0,
        0,
        null,
        null,
        1,
        0,
        0,
        null,
        null,
        1,
        0,
        0,
        null,
        null,
        1,
        0,
        0,
        null,
        null,
        1,
        0,
        0,
        null,
        null,
        1,
        0,
        0,
        null,
        null,
        1,
        0,
        0,
        null,
        null
      ],
      "/Users/eddie/development/testing-drills/spec/printer_spec.rb": [
        1
      ],
      "/Users/eddie/development/testing-drills/lib/printer.rb": [
        1,
        1,
        0,
        null,
        null,
        1,
        0,
        null,
        null
      ]
    },
    "timestamp": 1528910686
  }
}
